Build started 1/13/2016 8:49:50 AM.
     1>Project "C:\Users\rr51268\RTSGame\RTSGame\RTSGame\RTSGame.vcxproj" on node 2 (Rebuild target(s)).
     1>ClCompile:
         C:\Program Files (x86)\Microsoft Visual Studio 11.0\VC\bin\CL.exe /c /ZI /nologo /W3 /WX- /sdl /Od /Oy- /D _MBCS /Gm /EHsc /RTC1 /MDd /GS /fp:precise /Zc:wchar_t /Zc:forScope /Fo"Debug\\" /Fd"Debug\vc110.pdb" /Gd /TP /analyze- /errorReport:prompt ..\..\ai.cpp ..\..\game.cpp ..\..\gameinput.cpp ..\..\graphics.cpp ..\..\main.cpp ..\..\networkManager.cpp ..\..\pathfinding.cpp ..\..\player.cpp pathfinding.cpp unit.cpp
         unit.cpp
     1>c1xx : fatal error C1083: Cannot open source file: 'unit.cpp': No such file or directory
         pathfinding.cpp
     1>c1xx : fatal error C1083: Cannot open source file: 'pathfinding.cpp': No such file or directory
         player.cpp
         pathfinding.cpp
         networkManager.cpp
         main.cpp
         graphics.cpp
         gameinput.cpp
         game.cpp
         ai.cpp
         Generating Code...
     1>c:\users\rr51268\rtsgame\main.cpp(38): warning C4715: 'wWinMain' : not all control paths return a value
     1>Done Building Project "C:\Users\rr51268\RTSGame\RTSGame\RTSGame\RTSGame.vcxproj" (Rebuild target(s)) -- FAILED.

Build FAILED.

Time Elapsed 00:00:03.76
